<?xml version="1.0" encoding="UTF-8"?>
<!-- Generated by org.testng.reporters.JUnitReportReporter -->
<testsuite hostname="DESKTOP-RSCG5DB" failures="0" tests="1" name="test.BaseTest" time="16.071" errors="0" timestamp="2021-10-05T14:43:45 EDT" skipped="0">
  <testcase classname="test.BaseTest" name="aspirationTestmethod" time="16.071"/>
  <system-out/>
</testsuite> <!-- test.BaseTest -->
