<?xml version="1.0" encoding="UTF-8"?>
<!-- Generated by org.testng.reporters.JUnitReportReporter -->
<testsuite hostname="DESKTOP-RSCG5DB" failures="0" tests="1" name="test.BaseTest" time="15.804" errors="0" timestamp="2021-10-06T18:35:10 EDT" skipped="0">
  <testcase classname="test.BaseTest" name="aspirationTestmethod" time="15.804"/>
  <system-out/>
</testsuite> <!-- test.BaseTest -->
