<?xml version="1.0" encoding="UTF-8"?>
<!-- Generated by org.testng.reporters.JUnitReportReporter -->
<testsuite hostname="DESKTOP-RSCG5DB" failures="0" tests="1" name="com.techbee.selenium.demo2.ebaytest" time="2.649" errors="0" timestamp="2021-09-14T08:12:39 EDT" skipped="0">
  <testcase classname="com.techbee.selenium.demo2.ebaytest" name="launchebayApp" time="2.649"/>
  <system-out/>
</testsuite> <!-- com.techbee.selenium.demo2.ebaytest -->
